[0m00:53:30.115808 [debug] [MainThread]: Sending event: {'category': 'dbt', 'action': 'invocation', 'label': 'start', 'context': [<snowplow_tracker.self_describing_json.SelfDescribingJson object at 0x000001F818620260>, <snowplow_tracker.self_describing_json.SelfDescribingJson object at 0x000001F818C37B30>, <snowplow_tracker.self_describing_json.SelfDescribingJson object at 0x000001F818C34B90>]}


============================== 00:53:30.125575 | 9ce73a46-375c-4899-a188-0e4f517216e7 ==============================
[0m00:53:30.125575 [info ] [MainThread]: Running with dbt=1.11.8
[0m00:53:30.129174 [debug] [MainThread]: running dbt with arguments {'version_check': 'True', 'no_print': 'None', 'static_parser': 'True', 'warn_error_options': 'WarnErrorOptionsV2(error=[], warn=[], silence=[])', 'target_path': 'None', 'printer_width': '80', 'write_json': 'True', 'introspect': 'True', 'log_cache_events': 'False', 'empty': 'None', 'cache_selected_only': 'False', 'fail_fast': 'False', 'debug': 'False', 'log_format': 'default', 'profiles_dir': 'C:\\Users\\LENOVO\\.dbt', 'send_anonymous_usage_stats': 'True', 'quiet': 'False', 'warn_error': 'None', 'partial_parse': 'True', 'use_colors': 'True', 'invocation_command': 'dbt init dbt_financial', 'indirect_selection': 'eager', 'use_experimental_parser': 'False', 'log_path': 'logs'}
[0m00:53:30.648663 [debug] [MainThread]: Starter project path: C:\Users\LENOVO\AppData\Local\Packages\PythonSoftwareFoundation.Python.3.12_qbz5n2kfra8p0\LocalCache\local-packages\Python312\site-packages\dbt\include\starter_project
[0m00:53:30.735668 [info ] [MainThread]: 
Your new dbt project "dbt_financial" was created!

For more information on how to configure the profiles.yml file,
please consult the dbt documentation here:

  https://docs.getdbt.com/docs/configure-your-profile

One more thing:

Need help? Don't hesitate to reach out to us via GitHub issues or on Slack:

  https://community.getdbt.com/

Happy modeling!

[0m00:53:30.736721 [info ] [MainThread]: Setting up your profile.
[0m00:54:11.184987 [debug] [MainThread]: Snowflake adapter: Setting snowflake.connector to ERROR (file logging only)
[0m00:54:11.184987 [debug] [MainThread]: Snowflake adapter: Setting botocore to ERROR (file logging only)
[0m00:54:11.184987 [debug] [MainThread]: Snowflake adapter: Setting boto3 to ERROR (file logging only)
[0m00:56:22.262670 [info ] [MainThread]: Profile dbt_financial written to C:\Users\LENOVO\.dbt\profiles.yml using target's profile_template.yml and your supplied values. Run 'dbt debug' to validate the connection.
[0m00:56:22.268870 [debug] [MainThread]: Command `dbt init` succeeded at 00:56:22.268870 after 172.46 seconds
[0m00:56:22.270085 [debug] [MainThread]: Sending event: {'category': 'dbt', 'action': 'invocation', 'label': 'end', 'context': [<snowplow_tracker.self_describing_json.SelfDescribingJson object at 0x000001F818620260>, <snowplow_tracker.self_describing_json.SelfDescribingJson object at 0x000001F82C35A720>, <snowplow_tracker.self_describing_json.SelfDescribingJson object at 0x000001F82D332330>]}
[0m00:56:22.270085 [debug] [MainThread]: Flushing usage events
[0m00:56:23.945296 [debug] [MainThread]: An error was encountered while trying to flush usage events
[0m02:16:08.071272 [debug] [MainThread]: Sending event: {'category': 'dbt', 'action': 'invocation', 'label': 'start', 'context': [<snowplow_tracker.self_describing_json.SelfDescribingJson object at 0x000001F64C71D8B0>, <snowplow_tracker.self_describing_json.SelfDescribingJson object at 0x000001F6509509E0>, <snowplow_tracker.self_describing_json.SelfDescribingJson object at 0x000001F650456B70>]}


============================== 02:16:08.077720 | f6d10793-1746-42a5-95df-d32ea652878b ==============================
[0m02:16:08.077720 [info ] [MainThread]: Running with dbt=1.11.8
[0m02:16:08.077720 [debug] [MainThread]: running dbt with arguments {'static_parser': 'True', 'no_print': 'None', 'version_check': 'True', 'target_path': 'None', 'warn_error_options': 'WarnErrorOptionsV2(error=[], warn=[], silence=[])', 'printer_width': '80', 'write_json': 'True', 'introspect': 'True', 'log_cache_events': 'False', 'empty': 'None', 'cache_selected_only': 'False', 'log_format': 'default', 'debug': 'False', 'fail_fast': 'False', 'profiles_dir': 'C:\\Users\\LENOVO\\.dbt', 'send_anonymous_usage_stats': 'True', 'quiet': 'False', 'warn_error': 'None', 'partial_parse': 'True', 'invocation_command': 'dbt docs serve', 'indirect_selection': 'eager', 'use_colors': 'True', 'use_experimental_parser': 'False', 'log_path': 'logs'}
[0m02:16:08.077720 [error] [MainThread]: Encountered an error:
Runtime Error
  No dbt_project.yml found at expected path C:\Users\LENOVO\Documents\snowflake-financial-pipeline\dbt_project.yml
  Verify that each entry within packages.yml (and their transitive dependencies) contains a file named dbt_project.yml
  
[0m02:16:08.077720 [debug] [MainThread]: Command `dbt docs serve` failed at 02:16:08.077720 after 0.21 seconds
[0m02:16:08.077720 [debug] [MainThread]: Sending event: {'category': 'dbt', 'action': 'invocation', 'label': 'end', 'context': [<snowplow_tracker.self_describing_json.SelfDescribingJson object at 0x000001F64C71D8B0>, <snowplow_tracker.self_describing_json.SelfDescribingJson object at 0x000001F650B2C2C0>, <snowplow_tracker.self_describing_json.SelfDescribingJson object at 0x000001F650FB2CF0>]}
[0m02:16:08.077720 [debug] [MainThread]: Flushing usage events
[0m02:16:09.688118 [debug] [MainThread]: An error was encountered while trying to flush usage events
